<?xml version="1.0" encoding="utf-8" standalone="no"?>
<!--This file represents the results of running a test suite-->
<test-results name="C:\Users\DjEnjin\Desktop\422\hw 6\repo\bin\Debug\422BankApplicationSharp.exe" total="1" errors="0" failures="0" not-run="0" inconclusive="0" ignored="0" skipped="0" invalid="0" date="2013-11-13" time="21:52:11">
  <environment nunit-version="2.6.3.13283" clr-version="2.0.50727.5472" os-version="Microsoft Windows NT 6.1.7601 Service Pack 1" platform="Win32NT" cwd="C:\Program Files (x86)\NUnit 2.6.3\bin" machine-name="DJENIN-HP" user="DjEnjin" user-domain="DjEnin-HP" />
  <culture-info current-culture="en-US" current-uiculture="en-US" />
  <test-suite type="Assembly" name="C:\Users\DjEnjin\Desktop\422\hw 6\repo\bin\Debug\422BankApplicationSharp.exe" executed="True" result="Success" success="True" time="0.077" asserts="0">
    <results>
      <test-suite type="Namespace" name="_422BankApplicationSharp" executed="True" result="Success" success="True" time="0.055" asserts="0">
        <results>
          <test-suite type="TestFixture" name="testManager" executed="True" result="Success" success="True" time="0.052" asserts="0">
            <results>
              <test-case name="_422BankApplicationSharp.testManager.testdeleteAccountSuccess" executed="True" result="Success" success="True" time="0.038" asserts="2" />
            </results>
          </test-suite>
        </results>
      </test-suite>
    </results>
  </test-suite>
</test-results>