<?xml version="1.0" encoding="utf-8" standalone="no"?>
<!--This file represents the results of running a test suite-->
<test-results name="C:\Users\DjEnjin\Desktop\422\hw 6\repo\bin\Debug\422BankApplicationSharp.exe" total="250" errors="0" failures="0" not-run="0" inconclusive="0" ignored="0" skipped="0" invalid="0" date="2013-11-14" time="01:14:35">
  <environment nunit-version="2.6.3.13283" clr-version="2.0.50727.5472" os-version="Microsoft Windows NT 6.1.7601 Service Pack 1" platform="Win32NT" cwd="C:\Program Files (x86)\NUnit 2.6.3\bin" machine-name="DJENIN-HP" user="DjEnjin" user-domain="DjEnin-HP" />
  <culture-info current-culture="en-US" current-uiculture="en-US" />
  <test-suite type="Assembly" name="C:\Users\DjEnjin\Desktop\422\hw 6\repo\bin\Debug\422BankApplicationSharp.exe" executed="True" result="Success" success="True" time="0.568" asserts="0">
    <results>
      <test-suite type="Namespace" name="_422BankApplicationSharp" executed="True" result="Success" success="True" time="0.568" asserts="0">
        <results>
          <test-suite type="TestFixture" name="testAccount" executed="True" result="Success" success="True" time="0.567" asserts="0">
            <results>
              <test-suite type="ParameterizedTest" name="testAccountCopy" executed="True" result="Success" success="True" time="0.567" asserts="0">
                <results>
                  <test-case name="_422BankApplicationSharp.testAccount.testAccountCopy(-10.0d,1,&quot;young&quot;,&quot;1-1-13&quot;)" executed="True" result="Success" success="True" time="0.019" asserts="4" />
                  <test-case name="_422BankApplicationSharp.testAccount.testAccountCopy(-10.0d,1,&quot;young&quot;,&quot;may 4th 2009&quot;)" executed="True" result="Success" success="True" time="0.000" asserts="4" />
                  <test-case name="_422BankApplicationSharp.testAccount.testAccountCopy(-10.0d,1,&quot;young&quot;,&quot;1-2-30000&quot;)" executed="True" result="Success" success="True" time="0.000" asserts="4" />
                  <test-case name="_422BankApplicationSharp.testAccount.testAccountCopy(-10.0d,1,&quot;young&quot;,&quot;11/12/13&quot;)" executed="True" result="Success" success="True" time="0.000" asserts="4" />
                  <test-case name="_422BankApplicationSharp.testAccount.testAccountCopy(-10.0d,1,&quot;young&quot;,&quot;this is not a date&quot;)" executed="True" result="Success" success="True" time="0.000" asserts="4" />
                  <test-case name="_422BankApplicationSharp.testAccount.testAccountCopy(-10.0d,1,&quot;alex&quot;,&quot;1-1-13&quot;)" executed="True" result="Success" success="True" time="0.000" asserts="4" />
                  <test-case name="_422BankApplicationSharp.testAccount.testAccountCopy(-10.0d,1,&quot;alex&quot;,&quot;may 4th 2009&quot;)" executed="True" result="Success" success="True" time="0.000" asserts="4" />
                  <test-case name="_422BankApplicationSharp.testAccount.testAccountCopy(-10.0d,1,&quot;alex&quot;,&quot;1-2-30000&quot;)" executed="True" result="Success" success="True" time="0.000" asserts="4" />
                  <test-case name="_422BankApplicationSharp.testAccount.testAccountCopy(-10.0d,1,&quot;alex&quot;,&quot;11/12/13&quot;)" executed="True" result="Success" success="True" time="0.000" asserts="4" />
                  <test-case name="_422BankApplicationSharp.testAccount.testAccountCopy(-10.0d,1,&quot;alex&quot;,&quot;this is not a date&quot;)" executed="True" result="Success" success="True" time="0.000" asserts="4" />
                  <test-case name="_422BankApplicationSharp.testAccount.testAccountCopy(-10.0d,12,&quot;young&quot;,&quot;1-1-13&quot;)" executed="True" result="Success" success="True" time="0.000" asserts="4" />
                  <test-case name="_422BankApplicationSharp.testAccount.testAccountCopy(-10.0d,12,&quot;young&quot;,&quot;may 4th 2009&quot;)" executed="True" result="Success" success="True" time="0.000" asserts="4" />
                  <test-case name="_422BankApplicationSharp.testAccount.testAccountCopy(-10.0d,12,&quot;young&quot;,&quot;1-2-30000&quot;)" executed="True" result="Success" success="True" time="0.000" asserts="4" />
                  <test-case name="_422BankApplicationSharp.testAccount.testAccountCopy(-10.0d,12,&quot;young&quot;,&quot;11/12/13&quot;)" executed="True" result="Success" success="True" time="0.000" asserts="4" />
                  <test-case name="_422BankApplicationSharp.testAccount.testAccountCopy(-10.0d,12,&quot;young&quot;,&quot;this is not a date&quot;)" executed="True" result="Success" success="True" time="0.000" asserts="4" />
                  <test-case name="_422BankApplicationSharp.testAccount.testAccountCopy(-10.0d,12,&quot;alex&quot;,&quot;1-1-13&quot;)" executed="True" result="Success" success="True" time="0.000" asserts="4" />
                  <test-case name="_422BankApplicationSharp.testAccount.testAccountCopy(-10.0d,12,&quot;alex&quot;,&quot;may 4th 2009&quot;)" executed="True" result="Success" success="True" time="0.000" asserts="4" />
                  <test-case name="_422BankApplicationSharp.testAccount.testAccountCopy(-10.0d,12,&quot;alex&quot;,&quot;1-2-30000&quot;)" executed="True" result="Success" success="True" time="0.000" asserts="4" />
                  <test-case name="_422BankApplicationSharp.testAccount.testAccountCopy(-10.0d,12,&quot;alex&quot;,&quot;11/12/13&quot;)" executed="True" result="Success" success="True" time="0.000" asserts="4" />
                  <test-case name="_422BankApplicationSharp.testAccount.testAccountCopy(-10.0d,12,&quot;alex&quot;,&quot;this is not a date&quot;)" executed="True" result="Success" success="True" time="0.000" asserts="4" />
                  <test-case name="_422BankApplicationSharp.testAccount.testAccountCopy(-10.0d,123,&quot;young&quot;,&quot;1-1-13&quot;)" executed="True" result="Success" success="True" time="0.000" asserts="4" />
                  <test-case name="_422BankApplicationSharp.testAccount.testAccountCopy(-10.0d,123,&quot;young&quot;,&quot;may 4th 2009&quot;)" executed="True" result="Success" success="True" time="0.000" asserts="4" />
                  <test-case name="_422BankApplicationSharp.testAccount.testAccountCopy(-10.0d,123,&quot;young&quot;,&quot;1-2-30000&quot;)" executed="True" result="Success" success="True" time="0.000" asserts="4" />
                  <test-case name="_422BankApplicationSharp.testAccount.testAccountCopy(-10.0d,123,&quot;young&quot;,&quot;11/12/13&quot;)" executed="True" result="Success" success="True" time="0.000" asserts="4" />
                  <test-case name="_422BankApplicationSharp.testAccount.testAccountCopy(-10.0d,123,&quot;young&quot;,&quot;this is not a date&quot;)" executed="True" result="Success" success="True" time="0.000" asserts="4" />
                  <test-case name="_422BankApplicationSharp.testAccount.testAccountCopy(-10.0d,123,&quot;alex&quot;,&quot;1-1-13&quot;)" executed="True" result="Success" success="True" time="0.000" asserts="4" />
                  <test-case name="_422BankApplicationSharp.testAccount.testAccountCopy(-10.0d,123,&quot;alex&quot;,&quot;may 4th 2009&quot;)" executed="True" result="Success" success="True" time="0.000" asserts="4" />
                  <test-case name="_422BankApplicationSharp.testAccount.testAccountCopy(-10.0d,123,&quot;alex&quot;,&quot;1-2-30000&quot;)" executed="True" result="Success" success="True" time="0.000" asserts="4" />
                  <test-case name="_422BankApplicationSharp.testAccount.testAccountCopy(-10.0d,123,&quot;alex&quot;,&quot;11/12/13&quot;)" executed="True" result="Success" success="True" time="0.000" asserts="4" />
                  <test-case name="_422BankApplicationSharp.testAccount.testAccountCopy(-10.0d,123,&quot;alex&quot;,&quot;this is not a date&quot;)" executed="True" result="Success" success="True" time="0.000" asserts="4" />
                  <test-case name="_422BankApplicationSharp.testAccount.testAccountCopy(-10.0d,1234,&quot;young&quot;,&quot;1-1-13&quot;)" executed="True" result="Success" success="True" time="0.000" asserts="4" />
                  <test-case name="_422BankApplicationSharp.testAccount.testAccountCopy(-10.0d,1234,&quot;young&quot;,&quot;may 4th 2009&quot;)" executed="True" result="Success" success="True" time="0.000" asserts="4" />
                  <test-case name="_422BankApplicationSharp.testAccount.testAccountCopy(-10.0d,1234,&quot;young&quot;,&quot;1-2-30000&quot;)" executed="True" result="Success" success="True" time="0.000" asserts="4" />
                  <test-case name="_422BankApplicationSharp.testAccount.testAccountCopy(-10.0d,1234,&quot;young&quot;,&quot;11/12/13&quot;)" executed="True" result="Success" success="True" time="0.000" asserts="4" />
                  <test-case name="_422BankApplicationSharp.testAccount.testAccountCopy(-10.0d,1234,&quot;young&quot;,&quot;this is not a date&quot;)" executed="True" result="Success" success="True" time="0.000" asserts="4" />
                  <test-case name="_422BankApplicationSharp.testAccount.testAccountCopy(-10.0d,1234,&quot;alex&quot;,&quot;1-1-13&quot;)" executed="True" result="Success" success="True" time="0.000" asserts="4" />
                  <test-case name="_422BankApplicationSharp.testAccount.testAccountCopy(-10.0d,1234,&quot;alex&quot;,&quot;may 4th 2009&quot;)" executed="True" result="Success" success="True" time="0.000" asserts="4" />
                  <test-case name="_422BankApplicationSharp.testAccount.testAccountCopy(-10.0d,1234,&quot;alex&quot;,&quot;1-2-30000&quot;)" executed="True" result="Success" success="True" time="0.000" asserts="4" />
                  <test-case name="_422BankApplicationSharp.testAccount.testAccountCopy(-10.0d,1234,&quot;alex&quot;,&quot;11/12/13&quot;)" executed="True" result="Success" success="True" time="0.000" asserts="4" />
                  <test-case name="_422BankApplicationSharp.testAccount.testAccountCopy(-10.0d,1234,&quot;alex&quot;,&quot;this is not a date&quot;)" executed="True" result="Success" success="True" time="0.000" asserts="4" />
                  <test-case name="_422BankApplicationSharp.testAccount.testAccountCopy(-10.0d,12345,&quot;young&quot;,&quot;1-1-13&quot;)" executed="True" result="Success" success="True" time="0.000" asserts="4" />
                  <test-case name="_422BankApplicationSharp.testAccount.testAccountCopy(-10.0d,12345,&quot;young&quot;,&quot;may 4th 2009&quot;)" executed="True" result="Success" success="True" time="0.000" asserts="4" />
                  <test-case name="_422BankApplicationSharp.testAccount.testAccountCopy(-10.0d,12345,&quot;young&quot;,&quot;1-2-30000&quot;)" executed="True" result="Success" success="True" time="0.000" asserts="4" />
                  <test-case name="_422BankApplicationSharp.testAccount.testAccountCopy(-10.0d,12345,&quot;young&quot;,&quot;11/12/13&quot;)" executed="True" result="Success" success="True" time="0.000" asserts="4" />
                  <test-case name="_422BankApplicationSharp.testAccount.testAccountCopy(-10.0d,12345,&quot;young&quot;,&quot;this is not a date&quot;)" executed="True" result="Success" success="True" time="0.000" asserts="4" />
                  <test-case name="_422BankApplicationSharp.testAccount.testAccountCopy(-10.0d,12345,&quot;alex&quot;,&quot;1-1-13&quot;)" executed="True" result="Success" success="True" time="0.000" asserts="4" />
                  <test-case name="_422BankApplicationSharp.testAccount.testAccountCopy(-10.0d,12345,&quot;alex&quot;,&quot;may 4th 2009&quot;)" executed="True" result="Success" success="True" time="0.000" asserts="4" />
                  <test-case name="_422BankApplicationSharp.testAccount.testAccountCopy(-10.0d,12345,&quot;alex&quot;,&quot;1-2-30000&quot;)" executed="True" result="Success" success="True" time="0.000" asserts="4" />
                  <test-case name="_422BankApplicationSharp.testAccount.testAccountCopy(-10.0d,12345,&quot;alex&quot;,&quot;11/12/13&quot;)" executed="True" result="Success" success="True" time="0.000" asserts="4" />
                  <test-case name="_422BankApplicationSharp.testAccount.testAccountCopy(-10.0d,12345,&quot;alex&quot;,&quot;this is not a date&quot;)" executed="True" result="Success" success="True" time="0.000" asserts="4" />
                  <test-case name="_422BankApplicationSharp.testAccount.testAccountCopy(0.0d,1,&quot;young&quot;,&quot;1-1-13&quot;)" executed="True" result="Success" success="True" time="0.000" asserts="4" />
                  <test-case name="_422BankApplicationSharp.testAccount.testAccountCopy(0.0d,1,&quot;young&quot;,&quot;may 4th 2009&quot;)" executed="True" result="Success" success="True" time="0.000" asserts="4" />
                  <test-case name="_422BankApplicationSharp.testAccount.testAccountCopy(0.0d,1,&quot;young&quot;,&quot;1-2-30000&quot;)" executed="True" result="Success" success="True" time="0.000" asserts="4" />
                  <test-case name="_422BankApplicationSharp.testAccount.testAccountCopy(0.0d,1,&quot;young&quot;,&quot;11/12/13&quot;)" executed="True" result="Success" success="True" time="0.000" asserts="4" />
                  <test-case name="_422BankApplicationSharp.testAccount.testAccountCopy(0.0d,1,&quot;young&quot;,&quot;this is not a date&quot;)" executed="True" result="Success" success="True" time="0.000" asserts="4" />
                  <test-case name="_422BankApplicationSharp.testAccount.testAccountCopy(0.0d,1,&quot;alex&quot;,&quot;1-1-13&quot;)" executed="True" result="Success" success="True" time="0.000" asserts="4" />
                  <test-case name="_422BankApplicationSharp.testAccount.testAccountCopy(0.0d,1,&quot;alex&quot;,&quot;may 4th 2009&quot;)" executed="True" result="Success" success="True" time="0.000" asserts="4" />
                  <test-case name="_422BankApplicationSharp.testAccount.testAccountCopy(0.0d,1,&quot;alex&quot;,&quot;1-2-30000&quot;)" executed="True" result="Success" success="True" time="0.000" asserts="4" />
                  <test-case name="_422BankApplicationSharp.testAccount.testAccountCopy(0.0d,1,&quot;alex&quot;,&quot;11/12/13&quot;)" executed="True" result="Success" success="True" time="0.000" asserts="4" />
                  <test-case name="_422BankApplicationSharp.testAccount.testAccountCopy(0.0d,1,&quot;alex&quot;,&quot;this is not a date&quot;)" executed="True" result="Success" success="True" time="0.000" asserts="4" />
                  <test-case name="_422BankApplicationSharp.testAccount.testAccountCopy(0.0d,12,&quot;young&quot;,&quot;1-1-13&quot;)" executed="True" result="Success" success="True" time="0.000" asserts="4" />
                  <test-case name="_422BankApplicationSharp.testAccount.testAccountCopy(0.0d,12,&quot;young&quot;,&quot;may 4th 2009&quot;)" executed="True" result="Success" success="True" time="0.000" asserts="4" />
                  <test-case name="_422BankApplicationSharp.testAccount.testAccountCopy(0.0d,12,&quot;young&quot;,&quot;1-2-30000&quot;)" executed="True" result="Success" success="True" time="0.000" asserts="4" />
                  <test-case name="_422BankApplicationSharp.testAccount.testAccountCopy(0.0d,12,&quot;young&quot;,&quot;11/12/13&quot;)" executed="True" result="Success" success="True" time="0.000" asserts="4" />
                  <test-case name="_422BankApplicationSharp.testAccount.testAccountCopy(0.0d,12,&quot;young&quot;,&quot;this is not a date&quot;)" executed="True" result="Success" success="True" time="0.000" asserts="4" />
                  <test-case name="_422BankApplicationSharp.testAccount.testAccountCopy(0.0d,12,&quot;alex&quot;,&quot;1-1-13&quot;)" executed="True" result="Success" success="True" time="0.000" asserts="4" />
                  <test-case name="_422BankApplicationSharp.testAccount.testAccountCopy(0.0d,12,&quot;alex&quot;,&quot;may 4th 2009&quot;)" executed="True" result="Success" success="True" time="0.000" asserts="4" />
                  <test-case name="_422BankApplicationSharp.testAccount.testAccountCopy(0.0d,12,&quot;alex&quot;,&quot;1-2-30000&quot;)" executed="True" result="Success" success="True" time="0.000" asserts="4" />
                  <test-case name="_422BankApplicationSharp.testAccount.testAccountCopy(0.0d,12,&quot;alex&quot;,&quot;11/12/13&quot;)" executed="True" result="Success" success="True" time="0.000" asserts="4" />
                  <test-case name="_422BankApplicationSharp.testAccount.testAccountCopy(0.0d,12,&quot;alex&quot;,&quot;this is not a date&quot;)" executed="True" result="Success" success="True" time="0.000" asserts="4" />
                  <test-case name="_422BankApplicationSharp.testAccount.testAccountCopy(0.0d,123,&quot;young&quot;,&quot;1-1-13&quot;)" executed="True" result="Success" success="True" time="0.000" asserts="4" />
                  <test-case name="_422BankApplicationSharp.testAccount.testAccountCopy(0.0d,123,&quot;young&quot;,&quot;may 4th 2009&quot;)" executed="True" result="Success" success="True" time="0.000" asserts="4" />
                  <test-case name="_422BankApplicationSharp.testAccount.testAccountCopy(0.0d,123,&quot;young&quot;,&quot;1-2-30000&quot;)" executed="True" result="Success" success="True" time="0.000" asserts="4" />
                  <test-case name="_422BankApplicationSharp.testAccount.testAccountCopy(0.0d,123,&quot;young&quot;,&quot;11/12/13&quot;)" executed="True" result="Success" success="True" time="0.000" asserts="4" />
                  <test-case name="_422BankApplicationSharp.testAccount.testAccountCopy(0.0d,123,&quot;young&quot;,&quot;this is not a date&quot;)" executed="True" result="Success" success="True" time="0.000" asserts="4" />
                  <test-case name="_422BankApplicationSharp.testAccount.testAccountCopy(0.0d,123,&quot;alex&quot;,&quot;1-1-13&quot;)" executed="True" result="Success" success="True" time="0.000" asserts="4" />
                  <test-case name="_422BankApplicationSharp.testAccount.testAccountCopy(0.0d,123,&quot;alex&quot;,&quot;may 4th 2009&quot;)" executed="True" result="Success" success="True" time="0.000" asserts="4" />
                  <test-case name="_422BankApplicationSharp.testAccount.testAccountCopy(0.0d,123,&quot;alex&quot;,&quot;1-2-30000&quot;)" executed="True" result="Success" success="True" time="0.000" asserts="4" />
                  <test-case name="_422BankApplicationSharp.testAccount.testAccountCopy(0.0d,123,&quot;alex&quot;,&quot;11/12/13&quot;)" executed="True" result="Success" success="True" time="0.000" asserts="4" />
                  <test-case name="_422BankApplicationSharp.testAccount.testAccountCopy(0.0d,123,&quot;alex&quot;,&quot;this is not a date&quot;)" executed="True" result="Success" success="True" time="0.000" asserts="4" />
                  <test-case name="_422BankApplicationSharp.testAccount.testAccountCopy(0.0d,1234,&quot;young&quot;,&quot;1-1-13&quot;)" executed="True" result="Success" success="True" time="0.000" asserts="4" />
                  <test-case name="_422BankApplicationSharp.testAccount.testAccountCopy(0.0d,1234,&quot;young&quot;,&quot;may 4th 2009&quot;)" executed="True" result="Success" success="True" time="0.000" asserts="4" />
                  <test-case name="_422BankApplicationSharp.testAccount.testAccountCopy(0.0d,1234,&quot;young&quot;,&quot;1-2-30000&quot;)" executed="True" result="Success" success="True" time="0.000" asserts="4" />
                  <test-case name="_422BankApplicationSharp.testAccount.testAccountCopy(0.0d,1234,&quot;young&quot;,&quot;11/12/13&quot;)" executed="True" result="Success" success="True" time="0.000" asserts="4" />
                  <test-case name="_422BankApplicationSharp.testAccount.testAccountCopy(0.0d,1234,&quot;young&quot;,&quot;this is not a date&quot;)" executed="True" result="Success" success="True" time="0.000" asserts="4" />
                  <test-case name="_422BankApplicationSharp.testAccount.testAccountCopy(0.0d,1234,&quot;alex&quot;,&quot;1-1-13&quot;)" executed="True" result="Success" success="True" time="0.000" asserts="4" />
                  <test-case name="_422BankApplicationSharp.testAccount.testAccountCopy(0.0d,1234,&quot;alex&quot;,&quot;may 4th 2009&quot;)" executed="True" result="Success" success="True" time="0.000" asserts="4" />
                  <test-case name="_422BankApplicationSharp.testAccount.testAccountCopy(0.0d,1234,&quot;alex&quot;,&quot;1-2-30000&quot;)" executed="True" result="Success" success="True" time="0.000" asserts="4" />
                  <test-case name="_422BankApplicationSharp.testAccount.testAccountCopy(0.0d,1234,&quot;alex&quot;,&quot;11/12/13&quot;)" executed="True" result="Success" success="True" time="0.000" asserts="4" />
                  <test-case name="_422BankApplicationSharp.testAccount.testAccountCopy(0.0d,1234,&quot;alex&quot;,&quot;this is not a date&quot;)" executed="True" result="Success" success="True" time="0.000" asserts="4" />
                  <test-case name="_422BankApplicationSharp.testAccount.testAccountCopy(0.0d,12345,&quot;young&quot;,&quot;1-1-13&quot;)" executed="True" result="Success" success="True" time="0.000" asserts="4" />
                  <test-case name="_422BankApplicationSharp.testAccount.testAccountCopy(0.0d,12345,&quot;young&quot;,&quot;may 4th 2009&quot;)" executed="True" result="Success" success="True" time="0.000" asserts="4" />
                  <test-case name="_422BankApplicationSharp.testAccount.testAccountCopy(0.0d,12345,&quot;young&quot;,&quot;1-2-30000&quot;)" executed="True" result="Success" success="True" time="0.000" asserts="4" />
                  <test-case name="_422BankApplicationSharp.testAccount.testAccountCopy(0.0d,12345,&quot;young&quot;,&quot;11/12/13&quot;)" executed="True" result="Success" success="True" time="0.000" asserts="4" />
                  <test-case name="_422BankApplicationSharp.testAccount.testAccountCopy(0.0d,12345,&quot;young&quot;,&quot;this is not a date&quot;)" executed="True" result="Success" success="True" time="0.000" asserts="4" />
                  <test-case name="_422BankApplicationSharp.testAccount.testAccountCopy(0.0d,12345,&quot;alex&quot;,&quot;1-1-13&quot;)" executed="True" result="Success" success="True" time="0.000" asserts="4" />
                  <test-case name="_422BankApplicationSharp.testAccount.testAccountCopy(0.0d,12345,&quot;alex&quot;,&quot;may 4th 2009&quot;)" executed="True" result="Success" success="True" time="0.000" asserts="4" />
                  <test-case name="_422BankApplicationSharp.testAccount.testAccountCopy(0.0d,12345,&quot;alex&quot;,&quot;1-2-30000&quot;)" executed="True" result="Success" success="True" time="0.000" asserts="4" />
                  <test-case name="_422BankApplicationSharp.testAccount.testAccountCopy(0.0d,12345,&quot;alex&quot;,&quot;11/12/13&quot;)" executed="True" result="Success" success="True" time="0.000" asserts="4" />
                  <test-case name="_422BankApplicationSharp.testAccount.testAccountCopy(0.0d,12345,&quot;alex&quot;,&quot;this is not a date&quot;)" executed="True" result="Success" success="True" time="0.000" asserts="4" />
                  <test-case name="_422BankApplicationSharp.testAccount.testAccountCopy(3.0d,1,&quot;young&quot;,&quot;1-1-13&quot;)" executed="True" result="Success" success="True" time="0.000" asserts="4" />
                  <test-case name="_422BankApplicationSharp.testAccount.testAccountCopy(3.0d,1,&quot;young&quot;,&quot;may 4th 2009&quot;)" executed="True" result="Success" success="True" time="0.000" asserts="4" />
                  <test-case name="_422BankApplicationSharp.testAccount.testAccountCopy(3.0d,1,&quot;young&quot;,&quot;1-2-30000&quot;)" executed="True" result="Success" success="True" time="0.000" asserts="4" />
                  <test-case name="_422BankApplicationSharp.testAccount.testAccountCopy(3.0d,1,&quot;young&quot;,&quot;11/12/13&quot;)" executed="True" result="Success" success="True" time="0.000" asserts="4" />
                  <test-case name="_422BankApplicationSharp.testAccount.testAccountCopy(3.0d,1,&quot;young&quot;,&quot;this is not a date&quot;)" executed="True" result="Success" success="True" time="0.000" asserts="4" />
                  <test-case name="_422BankApplicationSharp.testAccount.testAccountCopy(3.0d,1,&quot;alex&quot;,&quot;1-1-13&quot;)" executed="True" result="Success" success="True" time="0.000" asserts="4" />
                  <test-case name="_422BankApplicationSharp.testAccount.testAccountCopy(3.0d,1,&quot;alex&quot;,&quot;may 4th 2009&quot;)" executed="True" result="Success" success="True" time="0.000" asserts="4" />
                  <test-case name="_422BankApplicationSharp.testAccount.testAccountCopy(3.0d,1,&quot;alex&quot;,&quot;1-2-30000&quot;)" executed="True" result="Success" success="True" time="0.000" asserts="4" />
                  <test-case name="_422BankApplicationSharp.testAccount.testAccountCopy(3.0d,1,&quot;alex&quot;,&quot;11/12/13&quot;)" executed="True" result="Success" success="True" time="0.000" asserts="4" />
                  <test-case name="_422BankApplicationSharp.testAccount.testAccountCopy(3.0d,1,&quot;alex&quot;,&quot;this is not a date&quot;)" executed="True" result="Success" success="True" time="0.000" asserts="4" />
                  <test-case name="_422BankApplicationSharp.testAccount.testAccountCopy(3.0d,12,&quot;young&quot;,&quot;1-1-13&quot;)" executed="True" result="Success" success="True" time="0.000" asserts="4" />
                  <test-case name="_422BankApplicationSharp.testAccount.testAccountCopy(3.0d,12,&quot;young&quot;,&quot;may 4th 2009&quot;)" executed="True" result="Success" success="True" time="0.000" asserts="4" />
                  <test-case name="_422BankApplicationSharp.testAccount.testAccountCopy(3.0d,12,&quot;young&quot;,&quot;1-2-30000&quot;)" executed="True" result="Success" success="True" time="0.000" asserts="4" />
                  <test-case name="_422BankApplicationSharp.testAccount.testAccountCopy(3.0d,12,&quot;young&quot;,&quot;11/12/13&quot;)" executed="True" result="Success" success="True" time="0.000" asserts="4" />
                  <test-case name="_422BankApplicationSharp.testAccount.testAccountCopy(3.0d,12,&quot;young&quot;,&quot;this is not a date&quot;)" executed="True" result="Success" success="True" time="0.000" asserts="4" />
                  <test-case name="_422BankApplicationSharp.testAccount.testAccountCopy(3.0d,12,&quot;alex&quot;,&quot;1-1-13&quot;)" executed="True" result="Success" success="True" time="0.000" asserts="4" />
                  <test-case name="_422BankApplicationSharp.testAccount.testAccountCopy(3.0d,12,&quot;alex&quot;,&quot;may 4th 2009&quot;)" executed="True" result="Success" success="True" time="0.000" asserts="4" />
                  <test-case name="_422BankApplicationSharp.testAccount.testAccountCopy(3.0d,12,&quot;alex&quot;,&quot;1-2-30000&quot;)" executed="True" result="Success" success="True" time="0.000" asserts="4" />
                  <test-case name="_422BankApplicationSharp.testAccount.testAccountCopy(3.0d,12,&quot;alex&quot;,&quot;11/12/13&quot;)" executed="True" result="Success" success="True" time="0.000" asserts="4" />
                  <test-case name="_422BankApplicationSharp.testAccount.testAccountCopy(3.0d,12,&quot;alex&quot;,&quot;this is not a date&quot;)" executed="True" result="Success" success="True" time="0.000" asserts="4" />
                  <test-case name="_422BankApplicationSharp.testAccount.testAccountCopy(3.0d,123,&quot;young&quot;,&quot;1-1-13&quot;)" executed="True" result="Success" success="True" time="0.000" asserts="4" />
                  <test-case name="_422BankApplicationSharp.testAccount.testAccountCopy(3.0d,123,&quot;young&quot;,&quot;may 4th 2009&quot;)" executed="True" result="Success" success="True" time="0.000" asserts="4" />
                  <test-case name="_422BankApplicationSharp.testAccount.testAccountCopy(3.0d,123,&quot;young&quot;,&quot;1-2-30000&quot;)" executed="True" result="Success" success="True" time="0.000" asserts="4" />
                  <test-case name="_422BankApplicationSharp.testAccount.testAccountCopy(3.0d,123,&quot;young&quot;,&quot;11/12/13&quot;)" executed="True" result="Success" success="True" time="0.000" asserts="4" />
                  <test-case name="_422BankApplicationSharp.testAccount.testAccountCopy(3.0d,123,&quot;young&quot;,&quot;this is not a date&quot;)" executed="True" result="Success" success="True" time="0.000" asserts="4" />
                  <test-case name="_422BankApplicationSharp.testAccount.testAccountCopy(3.0d,123,&quot;alex&quot;,&quot;1-1-13&quot;)" executed="True" result="Success" success="True" time="0.000" asserts="4" />
                  <test-case name="_422BankApplicationSharp.testAccount.testAccountCopy(3.0d,123,&quot;alex&quot;,&quot;may 4th 2009&quot;)" executed="True" result="Success" success="True" time="0.000" asserts="4" />
                  <test-case name="_422BankApplicationSharp.testAccount.testAccountCopy(3.0d,123,&quot;alex&quot;,&quot;1-2-30000&quot;)" executed="True" result="Success" success="True" time="0.000" asserts="4" />
                  <test-case name="_422BankApplicationSharp.testAccount.testAccountCopy(3.0d,123,&quot;alex&quot;,&quot;11/12/13&quot;)" executed="True" result="Success" success="True" time="0.000" asserts="4" />
                  <test-case name="_422BankApplicationSharp.testAccount.testAccountCopy(3.0d,123,&quot;alex&quot;,&quot;this is not a date&quot;)" executed="True" result="Success" success="True" time="0.000" asserts="4" />
                  <test-case name="_422BankApplicationSharp.testAccount.testAccountCopy(3.0d,1234,&quot;young&quot;,&quot;1-1-13&quot;)" executed="True" result="Success" success="True" time="0.000" asserts="4" />
                  <test-case name="_422BankApplicationSharp.testAccount.testAccountCopy(3.0d,1234,&quot;young&quot;,&quot;may 4th 2009&quot;)" executed="True" result="Success" success="True" time="0.000" asserts="4" />
                  <test-case name="_422BankApplicationSharp.testAccount.testAccountCopy(3.0d,1234,&quot;young&quot;,&quot;1-2-30000&quot;)" executed="True" result="Success" success="True" time="0.000" asserts="4" />
                  <test-case name="_422BankApplicationSharp.testAccount.testAccountCopy(3.0d,1234,&quot;young&quot;,&quot;11/12/13&quot;)" executed="True" result="Success" success="True" time="0.000" asserts="4" />
                  <test-case name="_422BankApplicationSharp.testAccount.testAccountCopy(3.0d,1234,&quot;young&quot;,&quot;this is not a date&quot;)" executed="True" result="Success" success="True" time="0.000" asserts="4" />
                  <test-case name="_422BankApplicationSharp.testAccount.testAccountCopy(3.0d,1234,&quot;alex&quot;,&quot;1-1-13&quot;)" executed="True" result="Success" success="True" time="0.000" asserts="4" />
                  <test-case name="_422BankApplicationSharp.testAccount.testAccountCopy(3.0d,1234,&quot;alex&quot;,&quot;may 4th 2009&quot;)" executed="True" result="Success" success="True" time="0.000" asserts="4" />
                  <test-case name="_422BankApplicationSharp.testAccount.testAccountCopy(3.0d,1234,&quot;alex&quot;,&quot;1-2-30000&quot;)" executed="True" result="Success" success="True" time="0.000" asserts="4" />
                  <test-case name="_422BankApplicationSharp.testAccount.testAccountCopy(3.0d,1234,&quot;alex&quot;,&quot;11/12/13&quot;)" executed="True" result="Success" success="True" time="0.000" asserts="4" />
                  <test-case name="_422BankApplicationSharp.testAccount.testAccountCopy(3.0d,1234,&quot;alex&quot;,&quot;this is not a date&quot;)" executed="True" result="Success" success="True" time="0.000" asserts="4" />
                  <test-case name="_422BankApplicationSharp.testAccount.testAccountCopy(3.0d,12345,&quot;young&quot;,&quot;1-1-13&quot;)" executed="True" result="Success" success="True" time="0.000" asserts="4" />
                  <test-case name="_422BankApplicationSharp.testAccount.testAccountCopy(3.0d,12345,&quot;young&quot;,&quot;may 4th 2009&quot;)" executed="True" result="Success" success="True" time="0.000" asserts="4" />
                  <test-case name="_422BankApplicationSharp.testAccount.testAccountCopy(3.0d,12345,&quot;young&quot;,&quot;1-2-30000&quot;)" executed="True" result="Success" success="True" time="0.000" asserts="4" />
                  <test-case name="_422BankApplicationSharp.testAccount.testAccountCopy(3.0d,12345,&quot;young&quot;,&quot;11/12/13&quot;)" executed="True" result="Success" success="True" time="0.000" asserts="4" />
                  <test-case name="_422BankApplicationSharp.testAccount.testAccountCopy(3.0d,12345,&quot;young&quot;,&quot;this is not a date&quot;)" executed="True" result="Success" success="True" time="0.000" asserts="4" />
                  <test-case name="_422BankApplicationSharp.testAccount.testAccountCopy(3.0d,12345,&quot;alex&quot;,&quot;1-1-13&quot;)" executed="True" result="Success" success="True" time="0.000" asserts="4" />
                  <test-case name="_422BankApplicationSharp.testAccount.testAccountCopy(3.0d,12345,&quot;alex&quot;,&quot;may 4th 2009&quot;)" executed="True" result="Success" success="True" time="0.000" asserts="4" />
                  <test-case name="_422BankApplicationSharp.testAccount.testAccountCopy(3.0d,12345,&quot;alex&quot;,&quot;1-2-30000&quot;)" executed="True" result="Success" success="True" time="0.000" asserts="4" />
                  <test-case name="_422BankApplicationSharp.testAccount.testAccountCopy(3.0d,12345,&quot;alex&quot;,&quot;11/12/13&quot;)" executed="True" result="Success" success="True" time="0.000" asserts="4" />
                  <test-case name="_422BankApplicationSharp.testAccount.testAccountCopy(3.0d,12345,&quot;alex&quot;,&quot;this is not a date&quot;)" executed="True" result="Success" success="True" time="0.000" asserts="4" />
                  <test-case name="_422BankApplicationSharp.testAccount.testAccountCopy(300.0d,1,&quot;young&quot;,&quot;1-1-13&quot;)" executed="True" result="Success" success="True" time="0.000" asserts="4" />
                  <test-case name="_422BankApplicationSharp.testAccount.testAccountCopy(300.0d,1,&quot;young&quot;,&quot;may 4th 2009&quot;)" executed="True" result="Success" success="True" time="0.000" asserts="4" />
                  <test-case name="_422BankApplicationSharp.testAccount.testAccountCopy(300.0d,1,&quot;young&quot;,&quot;1-2-30000&quot;)" executed="True" result="Success" success="True" time="0.000" asserts="4" />
                  <test-case name="_422BankApplicationSharp.testAccount.testAccountCopy(300.0d,1,&quot;young&quot;,&quot;11/12/13&quot;)" executed="True" result="Success" success="True" time="0.000" asserts="4" />
                  <test-case name="_422BankApplicationSharp.testAccount.testAccountCopy(300.0d,1,&quot;young&quot;,&quot;this is not a date&quot;)" executed="True" result="Success" success="True" time="0.000" asserts="4" />
                  <test-case name="_422BankApplicationSharp.testAccount.testAccountCopy(300.0d,1,&quot;alex&quot;,&quot;1-1-13&quot;)" executed="True" result="Success" success="True" time="0.000" asserts="4" />
                  <test-case name="_422BankApplicationSharp.testAccount.testAccountCopy(300.0d,1,&quot;alex&quot;,&quot;may 4th 2009&quot;)" executed="True" result="Success" success="True" time="0.000" asserts="4" />
                  <test-case name="_422BankApplicationSharp.testAccount.testAccountCopy(300.0d,1,&quot;alex&quot;,&quot;1-2-30000&quot;)" executed="True" result="Success" success="True" time="0.000" asserts="4" />
                  <test-case name="_422BankApplicationSharp.testAccount.testAccountCopy(300.0d,1,&quot;alex&quot;,&quot;11/12/13&quot;)" executed="True" result="Success" success="True" time="0.000" asserts="4" />
                  <test-case name="_422BankApplicationSharp.testAccount.testAccountCopy(300.0d,1,&quot;alex&quot;,&quot;this is not a date&quot;)" executed="True" result="Success" success="True" time="0.000" asserts="4" />
                  <test-case name="_422BankApplicationSharp.testAccount.testAccountCopy(300.0d,12,&quot;young&quot;,&quot;1-1-13&quot;)" executed="True" result="Success" success="True" time="0.000" asserts="4" />
                  <test-case name="_422BankApplicationSharp.testAccount.testAccountCopy(300.0d,12,&quot;young&quot;,&quot;may 4th 2009&quot;)" executed="True" result="Success" success="True" time="0.000" asserts="4" />
                  <test-case name="_422BankApplicationSharp.testAccount.testAccountCopy(300.0d,12,&quot;young&quot;,&quot;1-2-30000&quot;)" executed="True" result="Success" success="True" time="0.000" asserts="4" />
                  <test-case name="_422BankApplicationSharp.testAccount.testAccountCopy(300.0d,12,&quot;young&quot;,&quot;11/12/13&quot;)" executed="True" result="Success" success="True" time="0.000" asserts="4" />
                  <test-case name="_422BankApplicationSharp.testAccount.testAccountCopy(300.0d,12,&quot;young&quot;,&quot;this is not a date&quot;)" executed="True" result="Success" success="True" time="0.000" asserts="4" />
                  <test-case name="_422BankApplicationSharp.testAccount.testAccountCopy(300.0d,12,&quot;alex&quot;,&quot;1-1-13&quot;)" executed="True" result="Success" success="True" time="0.000" asserts="4" />
                  <test-case name="_422BankApplicationSharp.testAccount.testAccountCopy(300.0d,12,&quot;alex&quot;,&quot;may 4th 2009&quot;)" executed="True" result="Success" success="True" time="0.000" asserts="4" />
                  <test-case name="_422BankApplicationSharp.testAccount.testAccountCopy(300.0d,12,&quot;alex&quot;,&quot;1-2-30000&quot;)" executed="True" result="Success" success="True" time="0.000" asserts="4" />
                  <test-case name="_422BankApplicationSharp.testAccount.testAccountCopy(300.0d,12,&quot;alex&quot;,&quot;11/12/13&quot;)" executed="True" result="Success" success="True" time="0.000" asserts="4" />
                  <test-case name="_422BankApplicationSharp.testAccount.testAccountCopy(300.0d,12,&quot;alex&quot;,&quot;this is not a date&quot;)" executed="True" result="Success" success="True" time="0.000" asserts="4" />
                  <test-case name="_422BankApplicationSharp.testAccount.testAccountCopy(300.0d,123,&quot;young&quot;,&quot;1-1-13&quot;)" executed="True" result="Success" success="True" time="0.000" asserts="4" />
                  <test-case name="_422BankApplicationSharp.testAccount.testAccountCopy(300.0d,123,&quot;young&quot;,&quot;may 4th 2009&quot;)" executed="True" result="Success" success="True" time="0.000" asserts="4" />
                  <test-case name="_422BankApplicationSharp.testAccount.testAccountCopy(300.0d,123,&quot;young&quot;,&quot;1-2-30000&quot;)" executed="True" result="Success" success="True" time="0.000" asserts="4" />
                  <test-case name="_422BankApplicationSharp.testAccount.testAccountCopy(300.0d,123,&quot;young&quot;,&quot;11/12/13&quot;)" executed="True" result="Success" success="True" time="0.000" asserts="4" />
                  <test-case name="_422BankApplicationSharp.testAccount.testAccountCopy(300.0d,123,&quot;young&quot;,&quot;this is not a date&quot;)" executed="True" result="Success" success="True" time="0.000" asserts="4" />
                  <test-case name="_422BankApplicationSharp.testAccount.testAccountCopy(300.0d,123,&quot;alex&quot;,&quot;1-1-13&quot;)" executed="True" result="Success" success="True" time="0.000" asserts="4" />
                  <test-case name="_422BankApplicationSharp.testAccount.testAccountCopy(300.0d,123,&quot;alex&quot;,&quot;may 4th 2009&quot;)" executed="True" result="Success" success="True" time="0.000" asserts="4" />
                  <test-case name="_422BankApplicationSharp.testAccount.testAccountCopy(300.0d,123,&quot;alex&quot;,&quot;1-2-30000&quot;)" executed="True" result="Success" success="True" time="0.000" asserts="4" />
                  <test-case name="_422BankApplicationSharp.testAccount.testAccountCopy(300.0d,123,&quot;alex&quot;,&quot;11/12/13&quot;)" executed="True" result="Success" success="True" time="0.000" asserts="4" />
                  <test-case name="_422BankApplicationSharp.testAccount.testAccountCopy(300.0d,123,&quot;alex&quot;,&quot;this is not a date&quot;)" executed="True" result="Success" success="True" time="0.000" asserts="4" />
                  <test-case name="_422BankApplicationSharp.testAccount.testAccountCopy(300.0d,1234,&quot;young&quot;,&quot;1-1-13&quot;)" executed="True" result="Success" success="True" time="0.000" asserts="4" />
                  <test-case name="_422BankApplicationSharp.testAccount.testAccountCopy(300.0d,1234,&quot;young&quot;,&quot;may 4th 2009&quot;)" executed="True" result="Success" success="True" time="0.000" asserts="4" />
                  <test-case name="_422BankApplicationSharp.testAccount.testAccountCopy(300.0d,1234,&quot;young&quot;,&quot;1-2-30000&quot;)" executed="True" result="Success" success="True" time="0.000" asserts="4" />
                  <test-case name="_422BankApplicationSharp.testAccount.testAccountCopy(300.0d,1234,&quot;young&quot;,&quot;11/12/13&quot;)" executed="True" result="Success" success="True" time="0.000" asserts="4" />
                  <test-case name="_422BankApplicationSharp.testAccount.testAccountCopy(300.0d,1234,&quot;young&quot;,&quot;this is not a date&quot;)" executed="True" result="Success" success="True" time="0.000" asserts="4" />
                  <test-case name="_422BankApplicationSharp.testAccount.testAccountCopy(300.0d,1234,&quot;alex&quot;,&quot;1-1-13&quot;)" executed="True" result="Success" success="True" time="0.000" asserts="4" />
                  <test-case name="_422BankApplicationSharp.testAccount.testAccountCopy(300.0d,1234,&quot;alex&quot;,&quot;may 4th 2009&quot;)" executed="True" result="Success" success="True" time="0.000" asserts="4" />
                  <test-case name="_422BankApplicationSharp.testAccount.testAccountCopy(300.0d,1234,&quot;alex&quot;,&quot;1-2-30000&quot;)" executed="True" result="Success" success="True" time="0.000" asserts="4" />
                  <test-case name="_422BankApplicationSharp.testAccount.testAccountCopy(300.0d,1234,&quot;alex&quot;,&quot;11/12/13&quot;)" executed="True" result="Success" success="True" time="0.000" asserts="4" />
                  <test-case name="_422BankApplicationSharp.testAccount.testAccountCopy(300.0d,1234,&quot;alex&quot;,&quot;this is not a date&quot;)" executed="True" result="Success" success="True" time="0.000" asserts="4" />
                  <test-case name="_422BankApplicationSharp.testAccount.testAccountCopy(300.0d,12345,&quot;young&quot;,&quot;1-1-13&quot;)" executed="True" result="Success" success="True" time="0.000" asserts="4" />
                  <test-case name="_422BankApplicationSharp.testAccount.testAccountCopy(300.0d,12345,&quot;young&quot;,&quot;may 4th 2009&quot;)" executed="True" result="Success" success="True" time="0.000" asserts="4" />
                  <test-case name="_422BankApplicationSharp.testAccount.testAccountCopy(300.0d,12345,&quot;young&quot;,&quot;1-2-30000&quot;)" executed="True" result="Success" success="True" time="0.000" asserts="4" />
                  <test-case name="_422BankApplicationSharp.testAccount.testAccountCopy(300.0d,12345,&quot;young&quot;,&quot;11/12/13&quot;)" executed="True" result="Success" success="True" time="0.000" asserts="4" />
                  <test-case name="_422BankApplicationSharp.testAccount.testAccountCopy(300.0d,12345,&quot;young&quot;,&quot;this is not a date&quot;)" executed="True" result="Success" success="True" time="0.000" asserts="4" />
                  <test-case name="_422BankApplicationSharp.testAccount.testAccountCopy(300.0d,12345,&quot;alex&quot;,&quot;1-1-13&quot;)" executed="True" result="Success" success="True" time="0.000" asserts="4" />
                  <test-case name="_422BankApplicationSharp.testAccount.testAccountCopy(300.0d,12345,&quot;alex&quot;,&quot;may 4th 2009&quot;)" executed="True" result="Success" success="True" time="0.000" asserts="4" />
                  <test-case name="_422BankApplicationSharp.testAccount.testAccountCopy(300.0d,12345,&quot;alex&quot;,&quot;1-2-30000&quot;)" executed="True" result="Success" success="True" time="0.000" asserts="4" />
                  <test-case name="_422BankApplicationSharp.testAccount.testAccountCopy(300.0d,12345,&quot;alex&quot;,&quot;11/12/13&quot;)" executed="True" result="Success" success="True" time="0.000" asserts="4" />
                  <test-case name="_422BankApplicationSharp.testAccount.testAccountCopy(300.0d,12345,&quot;alex&quot;,&quot;this is not a date&quot;)" executed="True" result="Success" success="True" time="0.000" asserts="4" />
                  <test-case name="_422BankApplicationSharp.testAccount.testAccountCopy(3000.0d,1,&quot;young&quot;,&quot;1-1-13&quot;)" executed="True" result="Success" success="True" time="0.000" asserts="4" />
                  <test-case name="_422BankApplicationSharp.testAccount.testAccountCopy(3000.0d,1,&quot;young&quot;,&quot;may 4th 2009&quot;)" executed="True" result="Success" success="True" time="0.000" asserts="4" />
                  <test-case name="_422BankApplicationSharp.testAccount.testAccountCopy(3000.0d,1,&quot;young&quot;,&quot;1-2-30000&quot;)" executed="True" result="Success" success="True" time="0.000" asserts="4" />
                  <test-case name="_422BankApplicationSharp.testAccount.testAccountCopy(3000.0d,1,&quot;young&quot;,&quot;11/12/13&quot;)" executed="True" result="Success" success="True" time="0.000" asserts="4" />
                  <test-case name="_422BankApplicationSharp.testAccount.testAccountCopy(3000.0d,1,&quot;young&quot;,&quot;this is not a date&quot;)" executed="True" result="Success" success="True" time="0.000" asserts="4" />
                  <test-case name="_422BankApplicationSharp.testAccount.testAccountCopy(3000.0d,1,&quot;alex&quot;,&quot;1-1-13&quot;)" executed="True" result="Success" success="True" time="0.000" asserts="4" />
                  <test-case name="_422BankApplicationSharp.testAccount.testAccountCopy(3000.0d,1,&quot;alex&quot;,&quot;may 4th 2009&quot;)" executed="True" result="Success" success="True" time="0.000" asserts="4" />
                  <test-case name="_422BankApplicationSharp.testAccount.testAccountCopy(3000.0d,1,&quot;alex&quot;,&quot;1-2-30000&quot;)" executed="True" result="Success" success="True" time="0.000" asserts="4" />
                  <test-case name="_422BankApplicationSharp.testAccount.testAccountCopy(3000.0d,1,&quot;alex&quot;,&quot;11/12/13&quot;)" executed="True" result="Success" success="True" time="0.000" asserts="4" />
                  <test-case name="_422BankApplicationSharp.testAccount.testAccountCopy(3000.0d,1,&quot;alex&quot;,&quot;this is not a date&quot;)" executed="True" result="Success" success="True" time="0.000" asserts="4" />
                  <test-case name="_422BankApplicationSharp.testAccount.testAccountCopy(3000.0d,12,&quot;young&quot;,&quot;1-1-13&quot;)" executed="True" result="Success" success="True" time="0.000" asserts="4" />
                  <test-case name="_422BankApplicationSharp.testAccount.testAccountCopy(3000.0d,12,&quot;young&quot;,&quot;may 4th 2009&quot;)" executed="True" result="Success" success="True" time="0.000" asserts="4" />
                  <test-case name="_422BankApplicationSharp.testAccount.testAccountCopy(3000.0d,12,&quot;young&quot;,&quot;1-2-30000&quot;)" executed="True" result="Success" success="True" time="0.000" asserts="4" />
                  <test-case name="_422BankApplicationSharp.testAccount.testAccountCopy(3000.0d,12,&quot;young&quot;,&quot;11/12/13&quot;)" executed="True" result="Success" success="True" time="0.000" asserts="4" />
                  <test-case name="_422BankApplicationSharp.testAccount.testAccountCopy(3000.0d,12,&quot;young&quot;,&quot;this is not a date&quot;)" executed="True" result="Success" success="True" time="0.000" asserts="4" />
                  <test-case name="_422BankApplicationSharp.testAccount.testAccountCopy(3000.0d,12,&quot;alex&quot;,&quot;1-1-13&quot;)" executed="True" result="Success" success="True" time="0.000" asserts="4" />
                  <test-case name="_422BankApplicationSharp.testAccount.testAccountCopy(3000.0d,12,&quot;alex&quot;,&quot;may 4th 2009&quot;)" executed="True" result="Success" success="True" time="0.000" asserts="4" />
                  <test-case name="_422BankApplicationSharp.testAccount.testAccountCopy(3000.0d,12,&quot;alex&quot;,&quot;1-2-30000&quot;)" executed="True" result="Success" success="True" time="0.000" asserts="4" />
                  <test-case name="_422BankApplicationSharp.testAccount.testAccountCopy(3000.0d,12,&quot;alex&quot;,&quot;11/12/13&quot;)" executed="True" result="Success" success="True" time="0.000" asserts="4" />
                  <test-case name="_422BankApplicationSharp.testAccount.testAccountCopy(3000.0d,12,&quot;alex&quot;,&quot;this is not a date&quot;)" executed="True" result="Success" success="True" time="0.000" asserts="4" />
                  <test-case name="_422BankApplicationSharp.testAccount.testAccountCopy(3000.0d,123,&quot;young&quot;,&quot;1-1-13&quot;)" executed="True" result="Success" success="True" time="0.000" asserts="4" />
                  <test-case name="_422BankApplicationSharp.testAccount.testAccountCopy(3000.0d,123,&quot;young&quot;,&quot;may 4th 2009&quot;)" executed="True" result="Success" success="True" time="0.000" asserts="4" />
                  <test-case name="_422BankApplicationSharp.testAccount.testAccountCopy(3000.0d,123,&quot;young&quot;,&quot;1-2-30000&quot;)" executed="True" result="Success" success="True" time="0.000" asserts="4" />
                  <test-case name="_422BankApplicationSharp.testAccount.testAccountCopy(3000.0d,123,&quot;young&quot;,&quot;11/12/13&quot;)" executed="True" result="Success" success="True" time="0.000" asserts="4" />
                  <test-case name="_422BankApplicationSharp.testAccount.testAccountCopy(3000.0d,123,&quot;young&quot;,&quot;this is not a date&quot;)" executed="True" result="Success" success="True" time="0.000" asserts="4" />
                  <test-case name="_422BankApplicationSharp.testAccount.testAccountCopy(3000.0d,123,&quot;alex&quot;,&quot;1-1-13&quot;)" executed="True" result="Success" success="True" time="0.000" asserts="4" />
                  <test-case name="_422BankApplicationSharp.testAccount.testAccountCopy(3000.0d,123,&quot;alex&quot;,&quot;may 4th 2009&quot;)" executed="True" result="Success" success="True" time="0.000" asserts="4" />
                  <test-case name="_422BankApplicationSharp.testAccount.testAccountCopy(3000.0d,123,&quot;alex&quot;,&quot;1-2-30000&quot;)" executed="True" result="Success" success="True" time="0.000" asserts="4" />
                  <test-case name="_422BankApplicationSharp.testAccount.testAccountCopy(3000.0d,123,&quot;alex&quot;,&quot;11/12/13&quot;)" executed="True" result="Success" success="True" time="0.000" asserts="4" />
                  <test-case name="_422BankApplicationSharp.testAccount.testAccountCopy(3000.0d,123,&quot;alex&quot;,&quot;this is not a date&quot;)" executed="True" result="Success" success="True" time="0.000" asserts="4" />
                  <test-case name="_422BankApplicationSharp.testAccount.testAccountCopy(3000.0d,1234,&quot;young&quot;,&quot;1-1-13&quot;)" executed="True" result="Success" success="True" time="0.000" asserts="4" />
                  <test-case name="_422BankApplicationSharp.testAccount.testAccountCopy(3000.0d,1234,&quot;young&quot;,&quot;may 4th 2009&quot;)" executed="True" result="Success" success="True" time="0.000" asserts="4" />
                  <test-case name="_422BankApplicationSharp.testAccount.testAccountCopy(3000.0d,1234,&quot;young&quot;,&quot;1-2-30000&quot;)" executed="True" result="Success" success="True" time="0.000" asserts="4" />
                  <test-case name="_422BankApplicationSharp.testAccount.testAccountCopy(3000.0d,1234,&quot;young&quot;,&quot;11/12/13&quot;)" executed="True" result="Success" success="True" time="0.000" asserts="4" />
                  <test-case name="_422BankApplicationSharp.testAccount.testAccountCopy(3000.0d,1234,&quot;young&quot;,&quot;this is not a date&quot;)" executed="True" result="Success" success="True" time="0.000" asserts="4" />
                  <test-case name="_422BankApplicationSharp.testAccount.testAccountCopy(3000.0d,1234,&quot;alex&quot;,&quot;1-1-13&quot;)" executed="True" result="Success" success="True" time="0.000" asserts="4" />
                  <test-case name="_422BankApplicationSharp.testAccount.testAccountCopy(3000.0d,1234,&quot;alex&quot;,&quot;may 4th 2009&quot;)" executed="True" result="Success" success="True" time="0.000" asserts="4" />
                  <test-case name="_422BankApplicationSharp.testAccount.testAccountCopy(3000.0d,1234,&quot;alex&quot;,&quot;1-2-30000&quot;)" executed="True" result="Success" success="True" time="0.000" asserts="4" />
                  <test-case name="_422BankApplicationSharp.testAccount.testAccountCopy(3000.0d,1234,&quot;alex&quot;,&quot;11/12/13&quot;)" executed="True" result="Success" success="True" time="0.000" asserts="4" />
                  <test-case name="_422BankApplicationSharp.testAccount.testAccountCopy(3000.0d,1234,&quot;alex&quot;,&quot;this is not a date&quot;)" executed="True" result="Success" success="True" time="0.000" asserts="4" />
                  <test-case name="_422BankApplicationSharp.testAccount.testAccountCopy(3000.0d,12345,&quot;young&quot;,&quot;1-1-13&quot;)" executed="True" result="Success" success="True" time="0.000" asserts="4" />
                  <test-case name="_422BankApplicationSharp.testAccount.testAccountCopy(3000.0d,12345,&quot;young&quot;,&quot;may 4th 2009&quot;)" executed="True" result="Success" success="True" time="0.000" asserts="4" />
                  <test-case name="_422BankApplicationSharp.testAccount.testAccountCopy(3000.0d,12345,&quot;young&quot;,&quot;1-2-30000&quot;)" executed="True" result="Success" success="True" time="0.000" asserts="4" />
                  <test-case name="_422BankApplicationSharp.testAccount.testAccountCopy(3000.0d,12345,&quot;young&quot;,&quot;11/12/13&quot;)" executed="True" result="Success" success="True" time="0.000" asserts="4" />
                  <test-case name="_422BankApplicationSharp.testAccount.testAccountCopy(3000.0d,12345,&quot;young&quot;,&quot;this is not a date&quot;)" executed="True" result="Success" success="True" time="0.000" asserts="4" />
                  <test-case name="_422BankApplicationSharp.testAccount.testAccountCopy(3000.0d,12345,&quot;alex&quot;,&quot;1-1-13&quot;)" executed="True" result="Success" success="True" time="0.000" asserts="4" />
                  <test-case name="_422BankApplicationSharp.testAccount.testAccountCopy(3000.0d,12345,&quot;alex&quot;,&quot;may 4th 2009&quot;)" executed="True" result="Success" success="True" time="0.000" asserts="4" />
                  <test-case name="_422BankApplicationSharp.testAccount.testAccountCopy(3000.0d,12345,&quot;alex&quot;,&quot;1-2-30000&quot;)" executed="True" result="Success" success="True" time="0.000" asserts="4" />
                  <test-case name="_422BankApplicationSharp.testAccount.testAccountCopy(3000.0d,12345,&quot;alex&quot;,&quot;11/12/13&quot;)" executed="True" result="Success" success="True" time="0.000" asserts="4" />
                  <test-case name="_422BankApplicationSharp.testAccount.testAccountCopy(3000.0d,12345,&quot;alex&quot;,&quot;this is not a date&quot;)" executed="True" result="Success" success="True" time="0.000" asserts="4" />
                </results>
              </test-suite>
            </results>
          </test-suite>
        </results>
      </test-suite>
    </results>
  </test-suite>
</test-results>